<html>
<head>
<title>TestNG:  My Test</title>
<link href="../testng.css" rel="stylesheet" type="text/css" />
<link href="../my-testng.css" rel="stylesheet" type="text/css" />

<style type="text/css">
.log { display: none;} 
.stack-trace { display: none;} 
</style>
<script type="text/javascript">
<!--
function flip(e) {
  current = e.style.display;
  if (current == 'block') {
    e.style.display = 'none';
    return 0;
  }
  else {
    e.style.display = 'block';
    return 1;
  }
}

function toggleBox(szDivId, elem, msg1, msg2)
{
  var res = -1;  if (document.getElementById) {
    res = flip(document.getElementById(szDivId));
  }
  else if (document.all) {
    // this is the way old msie versions work
    res = flip(document.all[szDivId]);
  }
  if(elem) {
    if(res == 0) elem.innerHTML = msg1; else elem.innerHTML = msg2;
  }

}

function toggleAllBoxes() {
  if (document.getElementsByTagName) {
    d = document.getElementsByTagName('div');
    for (i = 0; i < d.length; i++) {
      if (d[i].className == 'log') {
        flip(d[i]);
      }
    }
  }
}

// -->
</script>

</head>
<body>
<h2 align='center'>My Test</h2><table border='1' align="center">
<tr>
<td>Tests passed/Failed/Skipped:</td><td>2/0/3</td>
</tr><tr>
<td>Started on:</td><td>Mon Jul 10 14:49:41 IST 2023</td>
</tr>
<tr><td>Total time:</td><td>42 seconds (42949 ms)</td>
</tr><tr>
<td>Included groups:</td><td></td>
</tr><tr>
<td>Excluded groups:</td><td></td>
</tr>
</table><p/>
<small><i>(Hover the method name to see the test class name)</i></small><p/>
<table width='100%' border='1' class='invocation-failed'>
<tr><td colspan='4' align='center'><b>FAILED CONFIGURATIONS</b></td></tr>
<tr><td><b>Test method</b></td>
<td width="30%"><b>Exception</b></td>
<td width="10%"><b>Time (seconds)</b></td>
<td><b>Instance</b></td>
</tr>
<tr>
<td title='testcases.TC001_StockTransfer.setup()'><b>setup</b><br>Test class: testcases.TC001_StockTransfer</td>
<td><div><pre>java.lang.NullPointerException: Cannot invoke &quot;org.openqa.selenium.WebDriver.get(String)&quot; because &quot;this.driver&quot; is null
	at testcases.BaseTest.setup(BaseTest.java:71)
	at java.base/java.util.ArrayList.forEach(ArrayList.java:1511)
... Removed 25 stack frames</pre></div><a href='#' onClick='toggleBox("stack-trace1887389255", this, "Click to show all stack frames", "Click to hide stack frames")'>Click to show all stack frames</a>
<div class='stack-trace' id='stack-trace1887389255'><pre>java.lang.NullPointerException: Cannot invoke &quot;org.openqa.selenium.WebDriver.get(String)&quot; because &quot;this.driver&quot; is null
	at testcases.BaseTest.setup(BaseTest.java:71)
	at java.base/jdk.internal.reflect.NativeMethodAccessorImpl.invoke0(Native Method)
	at java.base/jdk.internal.reflect.NativeMethodAccessorImpl.invoke(NativeMethodAccessorImpl.java:77)
	at java.base/jdk.internal.reflect.DelegatingMethodAccessorImpl.invoke(DelegatingMethodAccessorImpl.java:43)
	at java.base/java.lang.reflect.Method.invoke(Method.java:568)
	at org.testng.internal.MethodInvocationHelper.invokeMethod(MethodInvocationHelper.java:133)
	at org.testng.internal.MethodInvocationHelper.invokeMethodConsideringTimeout(MethodInvocationHelper.java:62)
	at org.testng.internal.ConfigInvoker.invokeConfigurationMethod(ConfigInvoker.java:385)
	at org.testng.internal.ConfigInvoker.invokeConfigurations(ConfigInvoker.java:321)
	at org.testng.internal.TestMethodWorker.invokeBeforeClassMethods(TestMethodWorker.java:176)
	at org.testng.internal.TestMethodWorker.run(TestMethodWorker.java:122)
	at java.base/java.util.ArrayList.forEach(ArrayList.java:1511)
	at org.testng.TestRunner.privateRun(TestRunner.java:794)
	at org.testng.TestRunner.run(TestRunner.java:596)
	at org.testng.SuiteRunner.runTest(SuiteRunner.java:377)
	at org.testng.SuiteRunner.runSequentially(SuiteRunner.java:371)
	at org.testng.SuiteRunner.privateRun(SuiteRunner.java:332)
	at org.testng.SuiteRunner.run(SuiteRunner.java:276)
	at org.testng.SuiteRunnerWorker.runSuite(SuiteRunnerWorker.java:53)
	at org.testng.SuiteRunnerWorker.run(SuiteRunnerWorker.java:96)
	at org.testng.TestNG.runSuitesSequentially(TestNG.java:1212)
	at org.testng.TestNG.runSuitesLocally(TestNG.java:1134)
	at org.testng.TestNG.runSuites(TestNG.java:1063)
	at org.testng.TestNG.run(TestNG.java:1031)
	at org.testng.remote.AbstractRemoteTestNG.run(AbstractRemoteTestNG.java:115)
	at org.testng.remote.RemoteTestNG.initAndRun(RemoteTestNG.java:251)
	at org.testng.remote.RemoteTestNG.main(RemoteTestNG.java:77)
</pre></div></td>
<td>0</td>
<td>testcases.TC001_StockTransfer@506ae4d4</td></tr>
</table><p>
<table width='100%' border='1' class='invocation-skipped'>
<tr><td colspan='4' align='center'><b>SKIPPED CONFIGURATIONS</b></td></tr>
<tr><td><b>Test method</b></td>
<td width="30%"><b>Exception</b></td>
<td width="10%"><b>Time (seconds)</b></td>
<td><b>Instance</b></td>
</tr>
<tr>
<td title='testcases.TC001_StockTransfer.logoutFromApp()'><b>logoutFromApp</b><br>Test class: testcases.TC001_StockTransfer</td>
<td></td>
<td>-1688980824</td>
<td>testcases.TC001_StockTransfer@506ae4d4</td></tr>
<tr>
<td title='testcases.TC001_StockTransfer.logoutFromApp()'><b>logoutFromApp</b><br>Test class: testcases.TC001_StockTransfer</td>
<td></td>
<td>-1688980824</td>
<td>testcases.TC001_StockTransfer@506ae4d4</td></tr>
<tr>
<td title='testcases.TC001_StockTransfer.loginToApp()'><b>loginToApp</b><br>Test class: testcases.TC001_StockTransfer</td>
<td></td>
<td>-1688980824</td>
<td>testcases.TC001_StockTransfer@506ae4d4</td></tr>
<tr>
<td title='testcases.TC001_StockTransfer.logoutFromApp()'><b>logoutFromApp</b><br>Test class: testcases.TC001_StockTransfer</td>
<td></td>
<td>-1688980824</td>
<td>testcases.TC001_StockTransfer@506ae4d4</td></tr>
<tr>
<td title='testcases.TC001_StockTransfer.tearDown()'><b>tearDown</b><br>Test class: testcases.TC001_StockTransfer</td>
<td></td>
<td>-1688980824</td>
<td>testcases.TC001_StockTransfer@506ae4d4</td></tr>
<tr>
<td title='testcases.TC001_StockTransfer.loginToApp()'><b>loginToApp</b><br>Test class: testcases.TC001_StockTransfer</td>
<td></td>
<td>-1688980824</td>
<td>testcases.TC001_StockTransfer@506ae4d4</td></tr>
<tr>
<td title='testcases.TC001_StockTransfer.loginToApp()'><b>loginToApp</b><br>Test class: testcases.TC001_StockTransfer</td>
<td></td>
<td>-1688980824</td>
<td>testcases.TC001_StockTransfer@506ae4d4</td></tr>
</table><p>
<table width='100%' border='1' class='invocation-passed'>
<tr><td colspan='4' align='center'><b>PASSED TESTS</b></td></tr>
<tr><td><b>Test method</b></td>
<td width="30%"><b>Exception</b></td>
<td width="10%"><b>Time (seconds)</b></td>
<td><b>Instance</b></td>
</tr>
<tr>
<td title='testcases.TC001_StockIN.newStockGeneral()'><b>newStockGeneral</b><br>Test class: testcases.TC001_StockIN<br>Test method: Test New General Stock Entry<br>Parameters: SUNGLASS, ESSILOR NVG 2.5, SCM004, BLACK, FIBRE, FULL FRAME, 12, 1200, 4265<br/>
<a href="#Output-1244394767" onClick='toggleBox("Output-1244394767", this, "Show output", "Hide output");'>Show output</a>

<a href="#Output-1244394767" onClick="toggleAllBoxes();">Show all outputs</a>
<div class='log' id="Output-1244394767">
successfully clicked StockIn/Purchase Details<br/>
New Button clicked successfully<br/>
Supplier Selected successfully<br/>
Category Selected successfully<br/>
Product Selected successfully<br/>
Model Selected successfully<br/>
Color Selected successfully<br/>
Material Selected successfully<br/>
Design Selected successfully<br/>
CLicked OK successfully<br/>
Quantity Entered successfully<br/>
Cost Price Entered successfully<br/>
Selling Price Entered successfully<br/>
Add Button clicked successfully<br/>
Barcode generated successfully<br/>
successfully clicked Product Registry - HO<br/>
Barcode Qty is : 60<br/>
Click on save button successfully <br/>
Click on Purchase entry Saved Successfully popup<br/>
Barcode generated successfully<br/>
successfully clicked Product Registry - HO<br/>
Barcode Qty is : 72<br/>
</div>
</td>
<td></td>
<td>16</td>
<td>testcases.TC001_StockIN@d9345cd</td></tr>
<tr>
<td title='testcases.TC001_StockIN.newStockGeneral()'><b>newStockGeneral</b><br>Test class: testcases.TC001_StockIN<br>Test method: Test New General Stock Entry<br>Parameters: SUNGLASS, ESSILOR NVG 2.5, SCM004, BLACK, FIBRE, SUPRA, 5, 200, 1000<br/>
<a href="#Output-1756570762" onClick='toggleBox("Output-1756570762", this, "Show output", "Hide output");'>Show output</a>

<a href="#Output-1756570762" onClick="toggleAllBoxes();">Show all outputs</a>
<div class='log' id="Output-1756570762">
successfully clicked StockIn/Purchase Details<br/>
New Button clicked successfully<br/>
Supplier Selected successfully<br/>
Category Selected successfully<br/>
Product Selected successfully<br/>
Model Selected successfully<br/>
Color Selected successfully<br/>
Material Selected successfully<br/>
Design Selected successfully<br/>
CLicked OK successfully<br/>
Quantity Entered successfully<br/>
Cost Price Entered successfully<br/>
Selling Price Entered successfully<br/>
Add Button clicked successfully<br/>
Barcode generated successfully<br/>
successfully clicked Product Registry - HO<br/>
Barcode Qty is : 25<br/>
Click on save button successfully <br/>
Click on Purchase entry Saved Successfully popup<br/>
Barcode generated successfully<br/>
successfully clicked Product Registry - HO<br/>
Barcode Qty is : 30<br/>
</div>
</td>
<td></td>
<td>13</td>
<td>testcases.TC001_StockIN@d9345cd</td></tr>
</table><p>
<table width='100%' border='1' class='invocation-skipped'>
<tr><td colspan='4' align='center'><b>SKIPPED TESTS</b></td></tr>
<tr><td><b>Test method</b></td>
<td width="30%"><b>Exception</b></td>
<td width="10%"><b>Time (seconds)</b></td>
<td><b>Instance</b></td>
</tr>
<tr>
<td title='testcases.TC001_StockTransfer.TransferStock()'><b>TransferStock</b><br>Test class: testcases.TC001_StockTransfer<br>Test method: Test New Stock Transfer<br>Parameters: FSK0K00023FSRCEP, 3</td>
<td><div><pre>java.lang.NullPointerException: Cannot invoke &quot;org.openqa.selenium.WebDriver.get(String)&quot; because &quot;this.driver&quot; is null
	at testcases.BaseTest.setup(BaseTest.java:71)
	at java.base/java.util.ArrayList.forEach(ArrayList.java:1511)
... Removed 25 stack frames</pre></div><a href='#' onClick='toggleBox("stack-trace883110723", this, "Click to show all stack frames", "Click to hide stack frames")'>Click to show all stack frames</a>
<div class='stack-trace' id='stack-trace883110723'><pre>java.lang.NullPointerException: Cannot invoke &quot;org.openqa.selenium.WebDriver.get(String)&quot; because &quot;this.driver&quot; is null
	at testcases.BaseTest.setup(BaseTest.java:71)
	at java.base/jdk.internal.reflect.NativeMethodAccessorImpl.invoke0(Native Method)
	at java.base/jdk.internal.reflect.NativeMethodAccessorImpl.invoke(NativeMethodAccessorImpl.java:77)
	at java.base/jdk.internal.reflect.DelegatingMethodAccessorImpl.invoke(DelegatingMethodAccessorImpl.java:43)
	at java.base/java.lang.reflect.Method.invoke(Method.java:568)
	at org.testng.internal.MethodInvocationHelper.invokeMethod(MethodInvocationHelper.java:133)
	at org.testng.internal.MethodInvocationHelper.invokeMethodConsideringTimeout(MethodInvocationHelper.java:62)
	at org.testng.internal.ConfigInvoker.invokeConfigurationMethod(ConfigInvoker.java:385)
	at org.testng.internal.ConfigInvoker.invokeConfigurations(ConfigInvoker.java:321)
	at org.testng.internal.TestMethodWorker.invokeBeforeClassMethods(TestMethodWorker.java:176)
	at org.testng.internal.TestMethodWorker.run(TestMethodWorker.java:122)
	at java.base/java.util.ArrayList.forEach(ArrayList.java:1511)
	at org.testng.TestRunner.privateRun(TestRunner.java:794)
	at org.testng.TestRunner.run(TestRunner.java:596)
	at org.testng.SuiteRunner.runTest(SuiteRunner.java:377)
	at org.testng.SuiteRunner.runSequentially(SuiteRunner.java:371)
	at org.testng.SuiteRunner.privateRun(SuiteRunner.java:332)
	at org.testng.SuiteRunner.run(SuiteRunner.java:276)
	at org.testng.SuiteRunnerWorker.runSuite(SuiteRunnerWorker.java:53)
	at org.testng.SuiteRunnerWorker.run(SuiteRunnerWorker.java:96)
	at org.testng.TestNG.runSuitesSequentially(TestNG.java:1212)
	at org.testng.TestNG.runSuitesLocally(TestNG.java:1134)
	at org.testng.TestNG.runSuites(TestNG.java:1063)
	at org.testng.TestNG.run(TestNG.java:1031)
	at org.testng.remote.AbstractRemoteTestNG.run(AbstractRemoteTestNG.java:115)
	at org.testng.remote.RemoteTestNG.initAndRun(RemoteTestNG.java:251)
	at org.testng.remote.RemoteTestNG.main(RemoteTestNG.java:77)
</pre></div></td>
<td>0</td>
<td>testcases.TC001_StockTransfer@506ae4d4</td></tr>
<tr>
<td title='testcases.TC001_StockTransfer.TransferStock()'><b>TransferStock</b><br>Test class: testcases.TC001_StockTransfer<br>Test method: Test New Stock Transfer<br>Parameters: FSK0K00013FSRCEF, 5</td>
<td><div><pre>java.lang.NullPointerException: Cannot invoke &quot;org.openqa.selenium.WebDriver.get(String)&quot; because &quot;this.driver&quot; is null
	at testcases.BaseTest.setup(BaseTest.java:71)
	at java.base/java.util.ArrayList.forEach(ArrayList.java:1511)
... Removed 25 stack frames</pre></div><a href='#' onClick='toggleBox("stack-trace265722243", this, "Click to show all stack frames", "Click to hide stack frames")'>Click to show all stack frames</a>
<div class='stack-trace' id='stack-trace265722243'><pre>java.lang.NullPointerException: Cannot invoke &quot;org.openqa.selenium.WebDriver.get(String)&quot; because &quot;this.driver&quot; is null
	at testcases.BaseTest.setup(BaseTest.java:71)
	at java.base/jdk.internal.reflect.NativeMethodAccessorImpl.invoke0(Native Method)
	at java.base/jdk.internal.reflect.NativeMethodAccessorImpl.invoke(NativeMethodAccessorImpl.java:77)
	at java.base/jdk.internal.reflect.DelegatingMethodAccessorImpl.invoke(DelegatingMethodAccessorImpl.java:43)
	at java.base/java.lang.reflect.Method.invoke(Method.java:568)
	at org.testng.internal.MethodInvocationHelper.invokeMethod(MethodInvocationHelper.java:133)
	at org.testng.internal.MethodInvocationHelper.invokeMethodConsideringTimeout(MethodInvocationHelper.java:62)
	at org.testng.internal.ConfigInvoker.invokeConfigurationMethod(ConfigInvoker.java:385)
	at org.testng.internal.ConfigInvoker.invokeConfigurations(ConfigInvoker.java:321)
	at org.testng.internal.TestMethodWorker.invokeBeforeClassMethods(TestMethodWorker.java:176)
	at org.testng.internal.TestMethodWorker.run(TestMethodWorker.java:122)
	at java.base/java.util.ArrayList.forEach(ArrayList.java:1511)
	at org.testng.TestRunner.privateRun(TestRunner.java:794)
	at org.testng.TestRunner.run(TestRunner.java:596)
	at org.testng.SuiteRunner.runTest(SuiteRunner.java:377)
	at org.testng.SuiteRunner.runSequentially(SuiteRunner.java:371)
	at org.testng.SuiteRunner.privateRun(SuiteRunner.java:332)
	at org.testng.SuiteRunner.run(SuiteRunner.java:276)
	at org.testng.SuiteRunnerWorker.runSuite(SuiteRunnerWorker.java:53)
	at org.testng.SuiteRunnerWorker.run(SuiteRunnerWorker.java:96)
	at org.testng.TestNG.runSuitesSequentially(TestNG.java:1212)
	at org.testng.TestNG.runSuitesLocally(TestNG.java:1134)
	at org.testng.TestNG.runSuites(TestNG.java:1063)
	at org.testng.TestNG.run(TestNG.java:1031)
	at org.testng.remote.AbstractRemoteTestNG.run(AbstractRemoteTestNG.java:115)
	at org.testng.remote.RemoteTestNG.initAndRun(RemoteTestNG.java:251)
	at org.testng.remote.RemoteTestNG.main(RemoteTestNG.java:77)
</pre></div></td>
<td>0</td>
<td>testcases.TC001_StockTransfer@506ae4d4</td></tr>
<tr>
<td title='testcases.TC001_StockTransfer.TransferStock()'><b>TransferStock</b><br>Test class: testcases.TC001_StockTransfer<br>Test method: Test New Stock Transfer<br>Parameters: FSIOK00063SSRCEM, 2</td>
<td><div><pre>java.lang.NullPointerException: Cannot invoke &quot;org.openqa.selenium.WebDriver.get(String)&quot; because &quot;this.driver&quot; is null
	at testcases.BaseTest.setup(BaseTest.java:71)
	at java.base/java.util.ArrayList.forEach(ArrayList.java:1511)
... Removed 25 stack frames</pre></div><a href='#' onClick='toggleBox("stack-trace660144865", this, "Click to show all stack frames", "Click to hide stack frames")'>Click to show all stack frames</a>
<div class='stack-trace' id='stack-trace660144865'><pre>java.lang.NullPointerException: Cannot invoke &quot;org.openqa.selenium.WebDriver.get(String)&quot; because &quot;this.driver&quot; is null
	at testcases.BaseTest.setup(BaseTest.java:71)
	at java.base/jdk.internal.reflect.NativeMethodAccessorImpl.invoke0(Native Method)
	at java.base/jdk.internal.reflect.NativeMethodAccessorImpl.invoke(NativeMethodAccessorImpl.java:77)
	at java.base/jdk.internal.reflect.DelegatingMethodAccessorImpl.invoke(DelegatingMethodAccessorImpl.java:43)
	at java.base/java.lang.reflect.Method.invoke(Method.java:568)
	at org.testng.internal.MethodInvocationHelper.invokeMethod(MethodInvocationHelper.java:133)
	at org.testng.internal.MethodInvocationHelper.invokeMethodConsideringTimeout(MethodInvocationHelper.java:62)
	at org.testng.internal.ConfigInvoker.invokeConfigurationMethod(ConfigInvoker.java:385)
	at org.testng.internal.ConfigInvoker.invokeConfigurations(ConfigInvoker.java:321)
	at org.testng.internal.TestMethodWorker.invokeBeforeClassMethods(TestMethodWorker.java:176)
	at org.testng.internal.TestMethodWorker.run(TestMethodWorker.java:122)
	at java.base/java.util.ArrayList.forEach(ArrayList.java:1511)
	at org.testng.TestRunner.privateRun(TestRunner.java:794)
	at org.testng.TestRunner.run(TestRunner.java:596)
	at org.testng.SuiteRunner.runTest(SuiteRunner.java:377)
	at org.testng.SuiteRunner.runSequentially(SuiteRunner.java:371)
	at org.testng.SuiteRunner.privateRun(SuiteRunner.java:332)
	at org.testng.SuiteRunner.run(SuiteRunner.java:276)
	at org.testng.SuiteRunnerWorker.runSuite(SuiteRunnerWorker.java:53)
	at org.testng.SuiteRunnerWorker.run(SuiteRunnerWorker.java:96)
	at org.testng.TestNG.runSuitesSequentially(TestNG.java:1212)
	at org.testng.TestNG.runSuitesLocally(TestNG.java:1134)
	at org.testng.TestNG.runSuites(TestNG.java:1063)
	at org.testng.TestNG.run(TestNG.java:1031)
	at org.testng.remote.AbstractRemoteTestNG.run(AbstractRemoteTestNG.java:115)
	at org.testng.remote.RemoteTestNG.initAndRun(RemoteTestNG.java:251)
	at org.testng.remote.RemoteTestNG.main(RemoteTestNG.java:77)
</pre></div></td>
<td>0</td>
<td>testcases.TC001_StockTransfer@506ae4d4</td></tr>
</table><p>
</body>
</html>