<?xml version="1.0" encoding="UTF-8"?>
<testng-results ignored="0" total="2" passed="1" failed="0" skipped="1">
  <reporter-output>
    <line>
      <![CDATA[Chrome is being launched!]]>
    </line>
    <line>
      <![CDATA[Setup complete]]>
    </line>
    <line>
      <![CDATA[Login success]]>
    </line>
    <line>
      <![CDATA[successfully clicked StockIn/Purchase Details]]>
    </line>
    <line>
      <![CDATA[New Button clicked successfully]]>
    </line>
    <line>
      <![CDATA[Supplier Selected successfully]]>
    </line>
    <line>
      <![CDATA[Category Selected successfully]]>
    </line>
    <line>
      <![CDATA[Product Selected successfully]]>
    </line>
    <line>
      <![CDATA[Model Selected successfully]]>
    </line>
    <line>
      <![CDATA[Color Selected successfully]]>
    </line>
    <line>
      <![CDATA[Material Selected successfully]]>
    </line>
    <line>
      <![CDATA[Design Selected successfully]]>
    </line>
    <line>
      <![CDATA[CLicked OK successfully]]>
    </line>
    <line>
      <![CDATA[Quantity Entered successfully]]>
    </line>
    <line>
      <![CDATA[Cost Price Entered successfully]]>
    </line>
    <line>
      <![CDATA[Selling Price Entered successfully]]>
    </line>
    <line>
      <![CDATA[Add Button clicked successfully]]>
    </line>
    <line>
      <![CDATA[Barcode generated successfully]]>
    </line>
    <line>
      <![CDATA[successfully clicked Product Registry - HO]]>
    </line>
    <line>
      <![CDATA[Barcode Qty is : 192]]>
    </line>
    <line>
      <![CDATA[Click on save button successfully ]]>
    </line>
    <line>
      <![CDATA[Click on Purchase entry Saved Successfully popup]]>
    </line>
    <line>
      <![CDATA[Barcode generated successfully]]>
    </line>
    <line>
      <![CDATA[successfully clicked Product Registry - HO]]>
    </line>
    <line>
      <![CDATA[Barcode Qty is : 204]]>
    </line>
    <line>
      <![CDATA[Logout Success!!]]>
    </line>
    <line>
      <![CDATA[Shutdown Success!!]]>
    </line>
  </reporter-output>
  <suite started-at="2023-07-02T17:08:49 IST" name="Default suite" finished-at="2023-07-02T17:09:06 IST" duration-ms="16335">
    <groups>
    </groups>
    <test started-at="2023-07-02T17:08:49 IST" name="Default test" finished-at="2023-07-02T17:09:06 IST" duration-ms="16335">
      <class name="testcases.TC001_StockIN">
        <test-method is-config="true" signature="environment()[pri:0, instance:testcases.TC001_StockIN@47e2e487]" started-at="2023-07-02T17:08:49 IST" name="environment" finished-at="2023-07-02T17:08:52 IST" duration-ms="2768" status="PASS">
          <reporter-output>
            <line>
              <![CDATA[Chrome is being launched!]]>
            </line>
          </reporter-output>
        </test-method> <!-- environment -->
        <test-method is-config="true" signature="setup()[pri:0, instance:testcases.TC001_StockIN@47e2e487]" started-at="2023-07-02T17:08:52 IST" name="setup" finished-at="2023-07-02T17:08:52 IST" duration-ms="134" status="PASS">
          <reporter-output>
            <line>
              <![CDATA[Setup complete]]>
            </line>
          </reporter-output>
        </test-method> <!-- setup -->
        <test-method is-config="true" signature="loginToApp()[pri:0, instance:testcases.TC001_StockIN@47e2e487]" started-at="2023-07-02T17:08:53 IST" name="loginToApp" finished-at="2023-07-02T17:08:56 IST" duration-ms="3058" status="PASS">
          <reporter-output>
            <line>
              <![CDATA[Login success]]>
            </line>
          </reporter-output>
        </test-method> <!-- loginToApp -->
        <test-method signature="newStockGeneral(java.lang.String,java.lang.String,java.lang.String,java.lang.String,java.lang.String,java.lang.String,java.lang.String,java.lang.String,java.lang.String)[pri:0, instance:testcases.TC001_StockIN@47e2e487]" started-at="2023-07-02T17:08:56 IST" name="newStockGeneral" description="Test New General Stock Entry" data-provider="smokeTest" finished-at="2023-07-02T17:09:05 IST" duration-ms="9034" status="PASS">
          <params>
            <param index="0">
              <value>
                <![CDATA[SUNGLASS]]>
              </value>
            </param>
            <param index="1">
              <value>
                <![CDATA[ESSILOR NVG 2.5]]>
              </value>
            </param>
            <param index="2">
              <value>
                <![CDATA[SCM004]]>
              </value>
            </param>
            <param index="3">
              <value>
                <![CDATA[BLACK]]>
              </value>
            </param>
            <param index="4">
              <value>
                <![CDATA[FIBRE]]>
              </value>
            </param>
            <param index="5">
              <value>
                <![CDATA[FULL FRAME]]>
              </value>
            </param>
            <param index="6">
              <value>
                <![CDATA[12]]>
              </value>
            </param>
            <param index="7">
              <value>
                <![CDATA[1200]]>
              </value>
            </param>
            <param index="8">
              <value>
                <![CDATA[4265]]>
              </value>
            </param>
          </params>
          <reporter-output>
            <line>
              <![CDATA[successfully clicked StockIn/Purchase Details]]>
            </line>
            <line>
              <![CDATA[New Button clicked successfully]]>
            </line>
            <line>
              <![CDATA[Supplier Selected successfully]]>
            </line>
            <line>
              <![CDATA[Category Selected successfully]]>
            </line>
            <line>
              <![CDATA[Product Selected successfully]]>
            </line>
            <line>
              <![CDATA[Model Selected successfully]]>
            </line>
            <line>
              <![CDATA[Color Selected successfully]]>
            </line>
            <line>
              <![CDATA[Material Selected successfully]]>
            </line>
            <line>
              <![CDATA[Design Selected successfully]]>
            </line>
            <line>
              <![CDATA[CLicked OK successfully]]>
            </line>
            <line>
              <![CDATA[Quantity Entered successfully]]>
            </line>
            <line>
              <![CDATA[Cost Price Entered successfully]]>
            </line>
            <line>
              <![CDATA[Selling Price Entered successfully]]>
            </line>
            <line>
              <![CDATA[Add Button clicked successfully]]>
            </line>
            <line>
              <![CDATA[Barcode generated successfully]]>
            </line>
            <line>
              <![CDATA[successfully clicked Product Registry - HO]]>
            </line>
            <line>
              <![CDATA[Barcode Qty is : 192]]>
            </line>
            <line>
              <![CDATA[Click on save button successfully ]]>
            </line>
            <line>
              <![CDATA[Click on Purchase entry Saved Successfully popup]]>
            </line>
            <line>
              <![CDATA[Barcode generated successfully]]>
            </line>
            <line>
              <![CDATA[successfully clicked Product Registry - HO]]>
            </line>
            <line>
              <![CDATA[Barcode Qty is : 204]]>
            </line>
          </reporter-output>
        </test-method> <!-- newStockGeneral -->
        <test-method is-config="true" signature="logoutFromApp(org.testng.ITestResult)[pri:0, instance:testcases.TC001_StockIN@47e2e487]" started-at="2023-07-02T17:09:05 IST" name="logoutFromApp" finished-at="2023-07-02T17:09:06 IST" duration-ms="775" status="PASS">
          <params>
            <param index="0">
              <value>
                <![CDATA[[TestResult name=newStockGeneral status=SUCCESS method=TC001_StockIN.newStockGeneral(java.lang.String,java.lang.String,java.lang.String,java.lang.String,java.lang.String,java.lang.String,java.lang.String,java.lang.String,java.lang.String)[pri:0, instance:testcases.TC001_StockIN@47e2e487] output=successfully clicked StockIn/Purchase Details]]]>
              </value>
            </param>
          </params>
          <reporter-output>
            <line>
              <![CDATA[Logout Success!!]]>
            </line>
          </reporter-output>
        </test-method> <!-- logoutFromApp -->
        <test-method is-config="true" signature="shutDown()[pri:0, instance:testcases.TC001_StockIN@47e2e487]" started-at="2023-07-02T17:09:06 IST" name="shutDown" finished-at="2023-07-02T17:09:06 IST" duration-ms="0" status="PASS">
          <reporter-output>
            <line>
              <![CDATA[Shutdown Success!!]]>
            </line>
          </reporter-output>
        </test-method> <!-- shutDown -->
        <test-method signature="newStockGeneral(java.lang.String,java.lang.String,java.lang.String,java.lang.String,java.lang.String,java.lang.String,java.lang.String,java.lang.String,java.lang.String)[pri:0, instance:testcases.TC001_StockIN@47e2e487]" started-at="2023-07-02T17:09:06 IST" name="newStockGeneral" description="Test New General Stock Entry" data-provider="smokeTest" finished-at="2023-07-02T17:09:06 IST" duration-ms="0" status="SKIP">
          <params>
            <param index="0">
              <value>
                <![CDATA[SUNGLASS]]>
              </value>
            </param>
            <param index="1">
              <value>
                <![CDATA[ESSILOR NVG 2.5]]>
              </value>
            </param>
            <param index="2">
              <value>
                <![CDATA[SCM004]]>
              </value>
            </param>
            <param index="3">
              <value>
                <![CDATA[BLACK]]>
              </value>
            </param>
            <param index="4">
              <value>
                <![CDATA[FIBRE]]>
              </value>
            </param>
            <param index="5">
              <value>
                <![CDATA[SUPRA]]>
              </value>
            </param>
            <param index="6">
              <value>
                <![CDATA[5]]>
              </value>
            </param>
            <param index="7">
              <value>
                <![CDATA[200]]>
              </value>
            </param>
            <param index="8">
              <value>
                <![CDATA[1000]]>
              </value>
            </param>
          </params>
          <exception class="org.openqa.selenium.NoSuchSessionException">
            <message>
              <![CDATA[Session ID is null. Using WebDriver after calling quit()?
Build info: version: '4.9.1', revision: 'eb2032df7f'
System info: os.name: 'Windows 11', os.arch: 'amd64', os.version: '10.0', java.version: '17.0.5'
Driver info: org.openqa.selenium.chrome.ChromeDriver
Command: [null, get {url=http://optimnet-tech.com/qaho}]
Capabilities {acceptInsecureCerts: false, browserName: chrome, browserVersion: 114.0.5735.199, chrome: {chromedriverVersion: 114.0.5735.90 (386bc09e8f4f..., userDataDir: C:\Users\91938\AppData\Loca...}, goog:chromeOptions: {debuggerAddress: localhost:64107}, networkConnectionEnabled: false, pageLoadStrategy: normal, platformName: windows, proxy: Proxy(), se:cdp: ws://localhost:64107/devtoo..., se:cdpVersion: 114.0.5735.199, setWindowRect: true, strictFileInteractability: false, timeouts: {implicit: 0, pageLoad: 300000, script: 30000}, unhandledPromptBehavior: dismiss and notify, webauthn:extension:credBlob: true, webauthn:extension:largeBlob: true, webauthn:extension:minPinLength: true, webauthn:extension:prf: true, webauthn:virtualAuthenticators: true}]]>
            </message>
            <full-stacktrace>
              <![CDATA[org.openqa.selenium.NoSuchSessionException: Session ID is null. Using WebDriver after calling quit()?
Build info: version: '4.9.1', revision: 'eb2032df7f'
System info: os.name: 'Windows 11', os.arch: 'amd64', os.version: '10.0', java.version: '17.0.5'
Driver info: org.openqa.selenium.chrome.ChromeDriver
Command: [null, get {url=http://optimnet-tech.com/qaho}]
Capabilities {acceptInsecureCerts: false, browserName: chrome, browserVersion: 114.0.5735.199, chrome: {chromedriverVersion: 114.0.5735.90 (386bc09e8f4f..., userDataDir: C:\Users\91938\AppData\Loca...}, goog:chromeOptions: {debuggerAddress: localhost:64107}, networkConnectionEnabled: false, pageLoadStrategy: normal, platformName: windows, proxy: Proxy(), se:cdp: ws://localhost:64107/devtoo..., se:cdpVersion: 114.0.5735.199, setWindowRect: true, strictFileInteractability: false, timeouts: {implicit: 0, pageLoad: 300000, script: 30000}, unhandledPromptBehavior: dismiss and notify, webauthn:extension:credBlob: true, webauthn:extension:largeBlob: true, webauthn:extension:minPinLength: true, webauthn:extension:prf: true, webauthn:virtualAuthenticators: true}
at org.openqa.selenium.remote.HttpCommandExecutor.execute(HttpCommandExecutor.java:154)
at org.openqa.selenium.remote.service.DriverCommandExecutor.invokeExecute(DriverCommandExecutor.java:183)
at org.openqa.selenium.remote.service.DriverCommandExecutor.execute(DriverCommandExecutor.java:158)
at org.openqa.selenium.remote.RemoteWebDriver.execute(RemoteWebDriver.java:543)
at org.openqa.selenium.remote.RemoteWebDriver.get(RemoteWebDriver.java:297)
at testcases.BaseTest.loginToApp(BaseTest.java:72)
at java.base/jdk.internal.reflect.NativeMethodAccessorImpl.invoke0(Native Method)
at java.base/jdk.internal.reflect.NativeMethodAccessorImpl.invoke(NativeMethodAccessorImpl.java:77)
at java.base/jdk.internal.reflect.DelegatingMethodAccessorImpl.invoke(DelegatingMethodAccessorImpl.java:43)
at java.base/java.lang.reflect.Method.invoke(Method.java:568)
at org.testng.internal.MethodInvocationHelper.invokeMethod(MethodInvocationHelper.java:133)
at org.testng.internal.MethodInvocationHelper.invokeMethodConsideringTimeout(MethodInvocationHelper.java:62)
at org.testng.internal.ConfigInvoker.invokeConfigurationMethod(ConfigInvoker.java:385)
at org.testng.internal.ConfigInvoker.invokeConfigurations(ConfigInvoker.java:321)
at org.testng.internal.TestInvoker.runConfigMethods(TestInvoker.java:700)
at org.testng.internal.TestInvoker.invokeMethod(TestInvoker.java:527)
at org.testng.internal.TestInvoker.invokeTestMethod(TestInvoker.java:173)
at org.testng.internal.MethodRunner.runInSequence(MethodRunner.java:46)
at org.testng.internal.TestInvoker$MethodInvocationAgent.invoke(TestInvoker.java:824)
at org.testng.internal.TestInvoker.invokeTestMethods(TestInvoker.java:146)
at org.testng.internal.TestMethodWorker.invokeTestMethods(TestMethodWorker.java:146)
at org.testng.internal.TestMethodWorker.run(TestMethodWorker.java:128)
at java.base/java.util.ArrayList.forEach(ArrayList.java:1511)
at org.testng.TestRunner.privateRun(TestRunner.java:794)
at org.testng.TestRunner.run(TestRunner.java:596)
at org.testng.SuiteRunner.runTest(SuiteRunner.java:377)
at org.testng.SuiteRunner.runSequentially(SuiteRunner.java:371)
at org.testng.SuiteRunner.privateRun(SuiteRunner.java:332)
at org.testng.SuiteRunner.run(SuiteRunner.java:276)
at org.testng.SuiteRunnerWorker.runSuite(SuiteRunnerWorker.java:53)
at org.testng.SuiteRunnerWorker.run(SuiteRunnerWorker.java:96)
at org.testng.TestNG.runSuitesSequentially(TestNG.java:1212)
at org.testng.TestNG.runSuitesLocally(TestNG.java:1134)
at org.testng.TestNG.runSuites(TestNG.java:1063)
at org.testng.TestNG.run(TestNG.java:1031)
at org.testng.remote.AbstractRemoteTestNG.run(AbstractRemoteTestNG.java:115)
at org.testng.remote.RemoteTestNG.initAndRun(RemoteTestNG.java:251)
at org.testng.remote.RemoteTestNG.main(RemoteTestNG.java:77)
]]>
            </full-stacktrace>
          </exception> <!-- org.openqa.selenium.NoSuchSessionException -->
          <reporter-output>
          </reporter-output>
        </test-method> <!-- newStockGeneral -->
        <test-method is-config="true" signature="logoutFromApp(org.testng.ITestResult)[pri:0, instance:testcases.TC001_StockIN@47e2e487]" started-at="2023-07-02T17:09:06 IST" name="logoutFromApp" finished-at="1970-01-01T05:30:00 IST" duration-ms="-1688297946282" status="SKIP">
          <reporter-output>
          </reporter-output>
        </test-method> <!-- logoutFromApp -->
        <test-method is-config="true" signature="tearDown()[pri:0, instance:testcases.TC001_StockIN@47e2e487]" started-at="2023-07-02T17:09:06 IST" name="tearDown" finished-at="1970-01-01T05:30:00 IST" duration-ms="-1688297946282" status="SKIP">
          <reporter-output>
          </reporter-output>
        </test-method> <!-- tearDown -->
        <test-method is-config="true" signature="loginToApp()[pri:0, instance:testcases.TC001_StockIN@47e2e487]" started-at="2023-07-02T17:09:06 IST" name="loginToApp" finished-at="2023-07-02T17:09:06 IST" duration-ms="0" status="FAIL">
          <exception class="org.openqa.selenium.NoSuchSessionException">
            <message>
              <![CDATA[Session ID is null. Using WebDriver after calling quit()?
Build info: version: '4.9.1', revision: 'eb2032df7f'
System info: os.name: 'Windows 11', os.arch: 'amd64', os.version: '10.0', java.version: '17.0.5'
Driver info: org.openqa.selenium.chrome.ChromeDriver
Command: [null, get {url=http://optimnet-tech.com/qaho}]
Capabilities {acceptInsecureCerts: false, browserName: chrome, browserVersion: 114.0.5735.199, chrome: {chromedriverVersion: 114.0.5735.90 (386bc09e8f4f..., userDataDir: C:\Users\91938\AppData\Loca...}, goog:chromeOptions: {debuggerAddress: localhost:64107}, networkConnectionEnabled: false, pageLoadStrategy: normal, platformName: windows, proxy: Proxy(), se:cdp: ws://localhost:64107/devtoo..., se:cdpVersion: 114.0.5735.199, setWindowRect: true, strictFileInteractability: false, timeouts: {implicit: 0, pageLoad: 300000, script: 30000}, unhandledPromptBehavior: dismiss and notify, webauthn:extension:credBlob: true, webauthn:extension:largeBlob: true, webauthn:extension:minPinLength: true, webauthn:extension:prf: true, webauthn:virtualAuthenticators: true}]]>
            </message>
            <full-stacktrace>
              <![CDATA[org.openqa.selenium.NoSuchSessionException: Session ID is null. Using WebDriver after calling quit()?
Build info: version: '4.9.1', revision: 'eb2032df7f'
System info: os.name: 'Windows 11', os.arch: 'amd64', os.version: '10.0', java.version: '17.0.5'
Driver info: org.openqa.selenium.chrome.ChromeDriver
Command: [null, get {url=http://optimnet-tech.com/qaho}]
Capabilities {acceptInsecureCerts: false, browserName: chrome, browserVersion: 114.0.5735.199, chrome: {chromedriverVersion: 114.0.5735.90 (386bc09e8f4f..., userDataDir: C:\Users\91938\AppData\Loca...}, goog:chromeOptions: {debuggerAddress: localhost:64107}, networkConnectionEnabled: false, pageLoadStrategy: normal, platformName: windows, proxy: Proxy(), se:cdp: ws://localhost:64107/devtoo..., se:cdpVersion: 114.0.5735.199, setWindowRect: true, strictFileInteractability: false, timeouts: {implicit: 0, pageLoad: 300000, script: 30000}, unhandledPromptBehavior: dismiss and notify, webauthn:extension:credBlob: true, webauthn:extension:largeBlob: true, webauthn:extension:minPinLength: true, webauthn:extension:prf: true, webauthn:virtualAuthenticators: true}
at org.openqa.selenium.remote.HttpCommandExecutor.execute(HttpCommandExecutor.java:154)
at org.openqa.selenium.remote.service.DriverCommandExecutor.invokeExecute(DriverCommandExecutor.java:183)
at org.openqa.selenium.remote.service.DriverCommandExecutor.execute(DriverCommandExecutor.java:158)
at org.openqa.selenium.remote.RemoteWebDriver.execute(RemoteWebDriver.java:543)
at org.openqa.selenium.remote.RemoteWebDriver.get(RemoteWebDriver.java:297)
at testcases.BaseTest.loginToApp(BaseTest.java:72)
at java.base/jdk.internal.reflect.NativeMethodAccessorImpl.invoke0(Native Method)
at java.base/jdk.internal.reflect.NativeMethodAccessorImpl.invoke(NativeMethodAccessorImpl.java:77)
at java.base/jdk.internal.reflect.DelegatingMethodAccessorImpl.invoke(DelegatingMethodAccessorImpl.java:43)
at java.base/java.lang.reflect.Method.invoke(Method.java:568)
at org.testng.internal.MethodInvocationHelper.invokeMethod(MethodInvocationHelper.java:133)
at org.testng.internal.MethodInvocationHelper.invokeMethodConsideringTimeout(MethodInvocationHelper.java:62)
at org.testng.internal.ConfigInvoker.invokeConfigurationMethod(ConfigInvoker.java:385)
at org.testng.internal.ConfigInvoker.invokeConfigurations(ConfigInvoker.java:321)
at org.testng.internal.TestInvoker.runConfigMethods(TestInvoker.java:700)
at org.testng.internal.TestInvoker.invokeMethod(TestInvoker.java:527)
at org.testng.internal.TestInvoker.invokeTestMethod(TestInvoker.java:173)
at org.testng.internal.MethodRunner.runInSequence(MethodRunner.java:46)
at org.testng.internal.TestInvoker$MethodInvocationAgent.invoke(TestInvoker.java:824)
at org.testng.internal.TestInvoker.invokeTestMethods(TestInvoker.java:146)
at org.testng.internal.TestMethodWorker.invokeTestMethods(TestMethodWorker.java:146)
at org.testng.internal.TestMethodWorker.run(TestMethodWorker.java:128)
at java.base/java.util.ArrayList.forEach(ArrayList.java:1511)
at org.testng.TestRunner.privateRun(TestRunner.java:794)
at org.testng.TestRunner.run(TestRunner.java:596)
at org.testng.SuiteRunner.runTest(SuiteRunner.java:377)
at org.testng.SuiteRunner.runSequentially(SuiteRunner.java:371)
at org.testng.SuiteRunner.privateRun(SuiteRunner.java:332)
at org.testng.SuiteRunner.run(SuiteRunner.java:276)
at org.testng.SuiteRunnerWorker.runSuite(SuiteRunnerWorker.java:53)
at org.testng.SuiteRunnerWorker.run(SuiteRunnerWorker.java:96)
at org.testng.TestNG.runSuitesSequentially(TestNG.java:1212)
at org.testng.TestNG.runSuitesLocally(TestNG.java:1134)
at org.testng.TestNG.runSuites(TestNG.java:1063)
at org.testng.TestNG.run(TestNG.java:1031)
at org.testng.remote.AbstractRemoteTestNG.run(AbstractRemoteTestNG.java:115)
at org.testng.remote.RemoteTestNG.initAndRun(RemoteTestNG.java:251)
at org.testng.remote.RemoteTestNG.main(RemoteTestNG.java:77)
]]>
            </full-stacktrace>
          </exception> <!-- org.openqa.selenium.NoSuchSessionException -->
          <reporter-output>
          </reporter-output>
        </test-method> <!-- loginToApp -->
      </class> <!-- testcases.TC001_StockIN -->
    </test> <!-- Default test -->
  </suite> <!-- Default suite -->
</testng-results>
